0 info it worked if it ends with ok
1 verbose cli [ '/usr/local/bin/node',
1 verbose cli   '/usr/local/bin/npm',
1 verbose cli   'install',
1 verbose cli   '-g',
1 verbose cli   'nodedaemon' ]
2 info using npm@1.4.28
3 info using node@v0.13.0-pre
4 verbose cache add [ 'nodedaemon', null ]
5 verbose cache add name=undefined spec="nodedaemon" args=["nodedaemon",null]
6 verbose parsed url { protocol: null,
6 verbose parsed url   slashes: null,
6 verbose parsed url   auth: null,
6 verbose parsed url   host: null,
6 verbose parsed url   port: null,
6 verbose parsed url   hostname: null,
6 verbose parsed url   hash: null,
6 verbose parsed url   search: null,
6 verbose parsed url   query: null,
6 verbose parsed url   pathname: 'nodedaemon',
6 verbose parsed url   path: 'nodedaemon',
6 verbose parsed url   href: 'nodedaemon' }
7 silly lockFile acdf7571-nodedaemon nodedaemon
8 verbose lock nodedaemon /Users/kaptan/.npm/acdf7571-nodedaemon.lock
9 silly lockFile acdf7571-nodedaemon nodedaemon
10 silly lockFile acdf7571-nodedaemon nodedaemon
11 verbose addNamed [ 'nodedaemon', '' ]
12 verbose addNamed [ null, '*' ]
13 silly lockFile 2fafb96f-nodedaemon nodedaemon@
14 verbose lock nodedaemon@ /Users/kaptan/.npm/2fafb96f-nodedaemon.lock
15 silly addNameRange { name: 'nodedaemon', range: '*', hasData: false }
16 verbose request where is /nodedaemon
17 verbose request registry https://registry.npmjs.org/
18 verbose request id cc9b1815772f499e
19 verbose url raw /nodedaemon
20 verbose url resolving [ 'https://registry.npmjs.org/', './nodedaemon' ]
21 verbose url resolved https://registry.npmjs.org/nodedaemon
22 verbose request where is https://registry.npmjs.org/nodedaemon
23 info trying registry request attempt 1 at 08:14:28
24 http GET https://registry.npmjs.org/nodedaemon
25 http 404 https://registry.npmjs.org/nodedaemon
26 verbose headers { date: 'Mon, 10 Nov 2014 07:14:30 GMT',
26 verbose headers   server: 'CouchDB/1.5.0 (Erlang OTP/R16B03)',
26 verbose headers   'content-type': 'application/json',
26 verbose headers   'cache-control': 'max-age=0',
26 verbose headers   'content-length': '52',
26 verbose headers   'accept-ranges': 'bytes',
26 verbose headers   via: '1.1 varnish',
26 verbose headers   age: '0',
26 verbose headers   'x-served-by': 'cache-fra1245-FRA',
26 verbose headers   'x-cache': 'MISS',
26 verbose headers   'x-cache-hits': '0',
26 verbose headers   'x-timer': 'S1415603669.860821,VS0,VE421',
26 verbose headers   connection: 'close' }
27 silly registry.get cb [ 404,
27 silly registry.get   { date: 'Mon, 10 Nov 2014 07:14:30 GMT',
27 silly registry.get     server: 'CouchDB/1.5.0 (Erlang OTP/R16B03)',
27 silly registry.get     'content-type': 'application/json',
27 silly registry.get     'cache-control': 'max-age=0',
27 silly registry.get     'content-length': '52',
27 silly registry.get     'accept-ranges': 'bytes',
27 silly registry.get     via: '1.1 varnish',
27 silly registry.get     age: '0',
27 silly registry.get     'x-served-by': 'cache-fra1245-FRA',
27 silly registry.get     'x-cache': 'MISS',
27 silly registry.get     'x-cache-hits': '0',
27 silly registry.get     'x-timer': 'S1415603669.860821,VS0,VE421',
27 silly registry.get     connection: 'close' } ]
28 silly lockFile 2fafb96f-nodedaemon nodedaemon@
29 silly lockFile 2fafb96f-nodedaemon nodedaemon@
30 error 404 404 Not Found: nodedaemon
30 error 404
30 error 404 'nodedaemon' is not in the npm registry.
30 error 404 You should bug the author to publish it
30 error 404
30 error 404 Note that you can also install from a
30 error 404 tarball, folder, or http url, or git url.
31 error System Darwin 14.0.0
32 error command "/usr/local/bin/node" "/usr/local/bin/npm" "install" "-g" "nodedaemon"
33 error cwd /Users/kaptan/Desktop/contacts
34 error node -v v0.13.0-pre
35 error npm -v 1.4.28
36 error code E404
37 verbose exit [ 1, true ]
